<?xml version="1.0" encoding="UTF-8"?>
<testng-results skipped="0" failed="0" total="1" passed="1">
  <reporter-output>
  </reporter-output>
  <suite name="Default suite" duration-ms="12890" started-at="2021-07-01T04:34:10Z" finished-at="2021-07-01T04:34:23Z">
    <groups>
    </groups>
    <test name="Default test" duration-ms="12890" started-at="2021-07-01T04:34:10Z" finished-at="2021-07-01T04:34:23Z">
      <class name="testing.NewTest">
        <test-method status="PASS" signature="f()[pri:0, instance:testing.NewTest@6d78f375]" name="f" duration-ms="12867" started-at="2021-07-01T10:04:10Z" finished-at="2021-07-01T10:04:23Z">
          <reporter-output>
          </reporter-output>
        </test-method> <!-- f -->
      </class> <!-- testing.NewTest -->
    </test> <!-- Default test -->
  </suite> <!-- Default suite -->
</testng-results>
